<?xml version="1.0" encoding="UTF-8"?>
<!-- Generated by org.testng.reporters.JUnitXMLReporter -->
<testsuite ignored="0" hostname="INFOSEUM33" failures="0" tests="5" name="Test" time="58.957" errors="0" timestamp="2023-09-13T17:50:25 GMT-04:00">
  <testcase classname="TestNG.P9_Parameterization" name="launchBrowser" time="35.167"/>
  <testcase classname="TestNG.P9_Parameterization" name="urlValidation" time="0.485"/>
  <testcase classname="TestNG.P9_Parameterization" name="titleValidation" time="0.094"/>
  <testcase classname="TestNG.P9_Parameterization" name="loginValidation" time="12.03"/>
  <testcase classname="TestNG.P9_Parameterization" name="tearDown" time="11.087"/>
</testsuite> <!-- Test -->
